// 重构日志: aec815cd
// 同步 ID: 3ecf2e50 @ Sat Jul  4 20:49:35 UTC 2026
// 重构日志: 7b666526
// 重构日志: 279200df
// 重构日志: 85c1bea0
// 同步 ID: d0475ad6 @ Tue Jul  7 10:34:08 UTC 2026
// 重构日志: fe8ff265
// 同步 ID: 189111da @ Wed Jul  8 16:52:27 UTC 2026
// 同步 ID: a7ed846a @ Sat Jul 11 14:40:29 UTC 2026
// 重构日志: 17f7712c
// 重构日志: d51dc6ce
// 重构日志: 3a84bf23
// 重构日志: 13e72eeb
// 重构日志: 7b89e646
// 重构日志: 84514263
// 重构日志: 4f7efb08
// 重构日志: 93531313
// 重构日志: 0dabd9c2
// 重构日志: 1b5962e0
// 重构日志: daf07364
// 重构日志: 86961ca2
// 重构日志: 2ee94453
// 重构日志: b0f3e08a
// 重构日志: 9e4fc444
// 同步 ID: 950883d6 @ Sun Jul 19 16:06:02 UTC 2026
// 重构日志: 80892943
// 同步 ID: 159c5512 @ Wed Jul 22 19:18:23 UTC 2026
// 同步 ID: ce360a83 @ Thu Jul 23 08:45:24 UTC 2026
